This is pdfTeX, Version 3.1415926-1.40.10 (TeX Live 2009/Debian) (format=pdflatex 2014.3.29)  24 MAY 2014 22:11
entering extended mode
 %&-line parsing enabled.
**report.tex
(./report.tex
LaTeX2e <2009/09/24>
Babel <v3.8l> and hyphenation patterns for english, usenglishmax, dumylang, noh
yphenation, loaded.
(/usr/share/texmf-texlive/tex/latex/base/article.cls
Document Class: article 2007/10/19 v1.4h Standard LaTeX document class
(/usr/share/texmf-texlive/tex/latex/base/size10.clo
File: size10.clo 2007/10/19 v1.4h Standard LaTeX file (size option)
)
\c@part=\count79
\c@section=\count80
\c@subsection=\count81
\c@subsubsection=\count82
\c@paragraph=\count83
\c@subparagraph=\count84
\c@figure=\count85
\c@table=\count86
\abovecaptionskip=\skip41
\belowcaptionskip=\skip42
\bibindent=\dimen102
)
(/usr/share/texmf-texlive/tex/latex/preprint/fullpage.sty
Package: fullpage 1999/02/23 1.1 (PWD)
\FP@margin=\skip43
) (./report.aux)
\openout1 = `report.aux'.

LaTeX Font Info:    Checking defaults for OML/cmm/m/it on input line 4.
LaTeX Font Info:    ... okay on input line 4.
LaTeX Font Info:    Checking defaults for T1/cmr/m/n on input line 4.
LaTeX Font Info:    ... okay on input line 4.
LaTeX Font Info:    Checking defaults for OT1/cmr/m/n on input line 4.
LaTeX Font Info:    ... okay on input line 4.
LaTeX Font Info:    Checking defaults for OMS/cmsy/m/n on input line 4.
LaTeX Font Info:    ... okay on input line 4.
LaTeX Font Info:    Checking defaults for OMX/cmex/m/n on input line 4.
LaTeX Font Info:    ... okay on input line 4.
LaTeX Font Info:    Checking defaults for U/cmr/m/n on input line 4.
LaTeX Font Info:    ... okay on input line 4.
LaTeX Font Info:    External font `cmex10' loaded for size
(Font)              <12> on input line 7.
LaTeX Font Info:    External font `cmex10' loaded for size
(Font)              <8> on input line 7.
LaTeX Font Info:    External font `cmex10' loaded for size
(Font)              <6> on input line 7.
LaTeX Font Info:    External font `cmex10' loaded for size
(Font)              <7> on input line 69.
LaTeX Font Info:    External font `cmex10' loaded for size
(Font)              <5> on input line 69.

[1{/var/lib/texmf/fonts/map/pdftex/updmap/pdftex.map}


]
Underfull \hbox (badness 2343) in paragraph at lines 159--167
[]\OT1/cmr/m/n/10 Note that as soon as one vis-i-tor has com-
 []

[2]
Underfull \hbox (badness 6078) in paragraph at lines 187--195
\OT1/cmr/m/n/10 only needs to check []\OT1/cmtt/m/n/10 MethodDeclaration \OT1/c
mr/m/n/10 and
 []


Underfull \hbox (badness 3590) in paragraph at lines 204--206
[]\OT1/cmr/m/n/10 The fourth and fi-nal se-man-tics vis-i-tor, the
 []


Underfull \hbox (badness 10000) in paragraph at lines 204--206
[]\OT1/cmtt/m/n/10 ResolvingVisitor\OT1/cmr/m/n/10 , im-ple-ments the in-ter-fa
ce
 []


Underfull \hbox (badness 10000) in paragraph at lines 204--206
[]\OT1/cmtt/m/n/10 GenericVisitor<symtab.Type, Object> \OT1/cmr/m/n/10 in-stead

 []


Underfull \hbox (badness 1194) in paragraph at lines 207--207
[][]\OT1/cmr/m/n/8 Note that the \OT1/cmtt/m/n/8 DefinitionVisitor \OT1/cmr/m/n
/8 also im-ple-ments a
 []


Underfull \hbox (badness 3861) in paragraph at lines 210--211
[]\OT1/cmr/m/n/10 All four vis-i-tors un-der-stands scopes. The
 []


Underfull \hbox (badness 10000) in paragraph at lines 222--223
[]\OT1/cmr/m/n/10 Playing with Scala's pat-tern match-ing,
 []


Underfull \hbox (badness 10000) in paragraph at lines 222--223
\OT1/cmtt/m/n/10 http://kerflyn.wordpress.com/2011/02/14/
 []

[3] (./report.aux) ) 
Here is how much of TeX's memory you used:
 260 strings out of 495061
 2879 string characters out of 1182621
 55132 words of memory out of 3000000
 3504 multiletter control sequences out of 15000+50000
 8131 words of font info for 30 fonts, out of 3000000 for 9000
 28 hyphenation exceptions out of 8191
 24i,8n,19p,902b,243s stack positions out of 5000i,500n,10000p,200000b,50000s
</usr/share/texmf-texlive/fonts/type1/public/amsfonts/cm/cm
bx12.pfb></usr/share/texmf-texlive/fonts/type1/public/amsfonts/cm/cmr10.pfb></u
sr/share/texmf-texlive/fonts/type1/public/amsfonts/cm/cmr12.pfb></usr/share/tex
mf-texlive/fonts/type1/public/amsfonts/cm/cmr17.pfb></usr/share/texmf-texlive/f
onts/type1/public/amsfonts/cm/cmr6.pfb></usr/share/texmf-texlive/fonts/type1/pu
blic/amsfonts/cm/cmr7.pfb></usr/share/texmf-texlive/fonts/type1/public/amsfonts
/cm/cmr8.pfb></usr/share/texmf-texlive/fonts/type1/public/amsfonts/cm/cmti10.pf
b></usr/share/texmf-texlive/fonts/type1/public/amsfonts/cm/cmtt10.pfb></usr/sha
re/texmf-texlive/fonts/type1/public/amsfonts/cm/cmtt12.pfb></usr/share/texmf-te
xlive/fonts/type1/public/amsfonts/cm/cmtt8.pfb>
Output written on report.pdf (3 pages, 138072 bytes).
PDF statistics:
 56 PDF objects out of 1000 (max. 8388607)
 0 named destinations out of 1000 (max. 500000)
 1 words of extra memory for PDF output out of 10000 (max. 10000000)

